build/app/intermediates/manifest_merge_blame_file/debug/manifest-merger-blame-debug-report.txt
1<?xml version="1.0" encoding="utf-8"?>
2<manifest xmlns:android="http://schemas.android.com/apk/res/android"
3    package="com.example.notifyme"
4    android:versionCode="1"
5    android:versionName="1.0.0" >
6
7    <uses-sdk
8        android:minSdkVersion="23"
9        android:targetSdkVersion="33" />
10    <!--
11         The INTERNET permission is required for development. Specifically,
12         the Flutter tool needs it to communicate with the running application
13         to allow setting breakpoints, to provide hot reload, etc.
14    -->
15    <uses-permission android:name="android.permission.INTERNET" />
15-->src\main\AndroidManifest.xml:4:5-67
15-->src\main\AndroidManifest.xml:4:22-64
16    <uses-permission android:name="android.permission.ACCESS_COARSE_LOCATION" />
16-->src\main\AndroidManifest.xml:3:5-81
16-->src\main\AndroidManifest.xml:3:22-78
17
18    <!-- Include only if your app benefits from precise location access. -->
19    <uses-permission android:name="android.permission.ACCESS_FINE_LOCATION" />
19-->src\main\AndroidManifest.xml:7:3-77
19-->src\main\AndroidManifest.xml:7:20-74
20    <uses-permission android:name="android.permission.WAKE_LOCK" />
20-->[:firebase_messaging] AndroidManifest.xml:10:5-68
20-->[:firebase_messaging] AndroidManifest.xml:10:22-65
21    <uses-permission android:name="android.permission.ACCESS_NETWORK_STATE" /> <!-- Permissions options for the `notification` group -->
21-->[:firebase_messaging] AndroidManifest.xml:11:5-79
21-->[:firebase_messaging] AndroidManifest.xml:11:22-76
22    <uses-permission android:name="android.permission.POST_NOTIFICATIONS" />
22-->[:firebase_messaging] AndroidManifest.xml:13:5-77
22-->[:firebase_messaging] AndroidManifest.xml:13:22-74
23    <uses-permission android:name="android.permission.FOREGROUND_SERVICE" />
23-->[:geolocator_android] AndroidManifest.xml:9:5-77
23-->[:geolocator_android] AndroidManifest.xml:9:22-74
24    <uses-permission android:name="android.permission.BROADCAST_CLOSE_SYSTEM_DIALOGS" />
24-->[:awesome_notifications] AndroidManifest.xml:10:5-89
24-->[:awesome_notifications] AndroidManifest.xml:10:22-86
25    <uses-permission android:name="android.permission.RECEIVE_BOOT_COMPLETED" />
25-->[:awesome_notifications] AndroidManifest.xml:11:5-81
25-->[:awesome_notifications] AndroidManifest.xml:11:22-78
26    <uses-permission android:name="android.permission.VIBRATE" />
26-->[:awesome_notifications] AndroidManifest.xml:12:5-66
26-->[:awesome_notifications] AndroidManifest.xml:12:22-63
27    <uses-permission
27-->[me.carda:AndroidAwnCore:0.7.5-dev.3] AndroidManifest.xml:10:5-12:38
28        android:name="android.permission.BIND_NOTIFICATION_LISTENER_SERVICE"
28-->[me.carda:AndroidAwnCore:0.7.5-dev.3] AndroidManifest.xml:11:9-77
29        android:maxSdkVersion="22" /> <!-- Required by older versions of Google Play services to create IID tokens -->
29-->[me.carda:AndroidAwnCore:0.7.5-dev.3] AndroidManifest.xml:12:9-35
30    <uses-permission android:name="com.google.android.c2dm.permission.RECEIVE" />
30-->[com.google.firebase:firebase-iid:21.1.0] AndroidManifest.xml:26:5-82
30-->[com.google.firebase:firebase-iid:21.1.0] AndroidManifest.xml:26:22-79
31    <uses-permission android:name="com.google.android.gms.permission.AD_ID" />
31-->[com.google.android.gms:play-services-measurement-api:21.3.0] AndroidManifest.xml:25:5-79
31-->[com.google.android.gms:play-services-measurement-api:21.3.0] AndroidManifest.xml:25:22-76
32    <uses-permission android:name="com.google.android.finsky.permission.BIND_GET_INSTALL_REFERRER_SERVICE" />
32-->[com.google.android.gms:play-services-measurement:21.3.0] AndroidManifest.xml:26:5-110
32-->[com.google.android.gms:play-services-measurement:21.3.0] AndroidManifest.xml:26:22-107
33    <uses-permission android:name="android.permission.CHANGE_NETWORK_STATE" />
33-->[com.mapbox.navigator:mapbox-navigation-native:123.3.3] AndroidManifest.xml:10:5-79
33-->[com.mapbox.navigator:mapbox-navigation-native:123.3.3] AndroidManifest.xml:10:22-76
34
35    <uses-feature
35-->[com.mapbox.maps:android-core:10.10.2] AndroidManifest.xml:10:5-12:35
36        android:glEsVersion="0x00020000"
36-->[com.mapbox.maps:android-core:10.10.2] AndroidManifest.xml:11:9-41
37        android:required="true" />
37-->[com.mapbox.maps:android-core:10.10.2] AndroidManifest.xml:12:9-32
38    <uses-feature
38-->[com.mapbox.maps:android-core:10.10.2] AndroidManifest.xml:13:5-15:36
39        android:name="android.hardware.wifi"
39-->[com.mapbox.maps:android-core:10.10.2] AndroidManifest.xml:14:9-45
40        android:required="false" />
40-->[com.mapbox.maps:android-core:10.10.2] AndroidManifest.xml:15:9-33
41
42    <uses-permission android:name="android.permission.ACCESS_WIFI_STATE" />
42-->[com.mapbox.maps:android-core:10.10.2] AndroidManifest.xml:19:5-76
42-->[com.mapbox.maps:android-core:10.10.2] AndroidManifest.xml:19:22-73
43
44    <permission
44-->[androidx.core:core:1.9.0] AndroidManifest.xml:22:5-24:47
45        android:name="com.example.notifyme.DYNAMIC_RECEIVER_NOT_EXPORTED_PERMISSION"
45-->[androidx.core:core:1.9.0] AndroidManifest.xml:23:9-81
46        android:protectionLevel="signature" />
46-->[androidx.core:core:1.9.0] AndroidManifest.xml:24:9-44
47
48    <uses-permission android:name="com.example.notifyme.DYNAMIC_RECEIVER_NOT_EXPORTED_PERMISSION" /> <!-- To store the heap dumps and leak analysis results. -->
48-->[androidx.core:core:1.9.0] AndroidManifest.xml:26:5-97
48-->[androidx.core:core:1.9.0] AndroidManifest.xml:26:22-94
49    <uses-permission android:name="android.permission.READ_EXTERNAL_STORAGE" />
49-->[com.squareup.leakcanary:leakcanary-android-core:2.9.1] AndroidManifest.xml:25:5-80
49-->[com.squareup.leakcanary:leakcanary-android-core:2.9.1] AndroidManifest.xml:25:22-77
50    <uses-permission android:name="android.permission.WRITE_EXTERNAL_STORAGE" /> <!-- for android -->
50-->[com.squareup.leakcanary:leakcanary-android-core:2.9.1] AndroidManifest.xml:26:5-81
50-->[com.squareup.leakcanary:leakcanary-android-core:2.9.1] AndroidManifest.xml:26:22-78
51    <!-- <uses-permission android:name="com.android.launcher.permission.READ_SETTINGS"/> -->
52    <!-- <uses-permission android:name="com.android.launcher.permission.WRITE_SETTINGS"/> -->
53    <!-- <uses-permission android:name="com.android.launcher.permission.INSTALL_SHORTCUT" /> -->
54    <!-- <uses-permission android:name="com.android.launcher.permission.UNINSTALL_SHORTCUT" /> -->
55    <!-- for Samsung -->
56    <uses-permission android:name="com.sec.android.provider.badge.permission.READ" />
56-->[me.leolin:ShortcutBadger:1.1.22] AndroidManifest.xml:19:5-86
56-->[me.leolin:ShortcutBadger:1.1.22] AndroidManifest.xml:19:22-83
57    <uses-permission android:name="com.sec.android.provider.badge.permission.WRITE" /> <!-- for htc -->
57-->[me.leolin:ShortcutBadger:1.1.22] AndroidManifest.xml:20:5-87
57-->[me.leolin:ShortcutBadger:1.1.22] AndroidManifest.xml:20:22-84
58    <uses-permission android:name="com.htc.launcher.permission.READ_SETTINGS" />
58-->[me.leolin:ShortcutBadger:1.1.22] AndroidManifest.xml:23:5-81
58-->[me.leolin:ShortcutBadger:1.1.22] AndroidManifest.xml:23:22-78
59    <uses-permission android:name="com.htc.launcher.permission.UPDATE_SHORTCUT" /> <!-- for sony -->
59-->[me.leolin:ShortcutBadger:1.1.22] AndroidManifest.xml:24:5-83
59-->[me.leolin:ShortcutBadger:1.1.22] AndroidManifest.xml:24:22-80
60    <uses-permission android:name="com.sonyericsson.home.permission.BROADCAST_BADGE" />
60-->[me.leolin:ShortcutBadger:1.1.22] AndroidManifest.xml:27:5-88
60-->[me.leolin:ShortcutBadger:1.1.22] AndroidManifest.xml:27:22-85
61    <uses-permission android:name="com.sonymobile.home.permission.PROVIDER_INSERT_BADGE" /> <!-- for apex -->
61-->[me.leolin:ShortcutBadger:1.1.22] AndroidManifest.xml:28:5-92
61-->[me.leolin:ShortcutBadger:1.1.22] AndroidManifest.xml:28:22-89
62    <uses-permission android:name="com.anddoes.launcher.permission.UPDATE_COUNT" /> <!-- for solid -->
62-->[me.leolin:ShortcutBadger:1.1.22] AndroidManifest.xml:31:5-84
62-->[me.leolin:ShortcutBadger:1.1.22] AndroidManifest.xml:31:22-81
63    <uses-permission android:name="com.majeur.launcher.permission.UPDATE_BADGE" /> <!-- for huawei -->
63-->[me.leolin:ShortcutBadger:1.1.22] AndroidManifest.xml:34:5-83
63-->[me.leolin:ShortcutBadger:1.1.22] AndroidManifest.xml:34:22-80
64    <uses-permission android:name="com.huawei.android.launcher.permission.CHANGE_BADGE" />
64-->[me.leolin:ShortcutBadger:1.1.22] AndroidManifest.xml:37:5-91
64-->[me.leolin:ShortcutBadger:1.1.22] AndroidManifest.xml:37:22-88
65    <uses-permission android:name="com.huawei.android.launcher.permission.READ_SETTINGS" />
65-->[me.leolin:ShortcutBadger:1.1.22] AndroidManifest.xml:38:5-92
65-->[me.leolin:ShortcutBadger:1.1.22] AndroidManifest.xml:38:22-89
66    <uses-permission android:name="com.huawei.android.launcher.permission.WRITE_SETTINGS" /> <!-- for ZUK -->
66-->[me.leolin:ShortcutBadger:1.1.22] AndroidManifest.xml:39:5-93
66-->[me.leolin:ShortcutBadger:1.1.22] AndroidManifest.xml:39:22-90
67    <uses-permission android:name="android.permission.READ_APP_BADGE" /> <!-- for OPPO -->
67-->[me.leolin:ShortcutBadger:1.1.22] AndroidManifest.xml:42:5-73
67-->[me.leolin:ShortcutBadger:1.1.22] AndroidManifest.xml:42:22-70
68    <uses-permission android:name="com.oppo.launcher.permission.READ_SETTINGS" />
68-->[me.leolin:ShortcutBadger:1.1.22] AndroidManifest.xml:45:5-82
68-->[me.leolin:ShortcutBadger:1.1.22] AndroidManifest.xml:45:22-79
69    <uses-permission android:name="com.oppo.launcher.permission.WRITE_SETTINGS" /> <!-- for EvMe -->
69-->[me.leolin:ShortcutBadger:1.1.22] AndroidManifest.xml:46:5-83
69-->[me.leolin:ShortcutBadger:1.1.22] AndroidManifest.xml:46:22-80
70    <uses-permission android:name="me.everything.badger.permission.BADGE_COUNT_READ" />
70-->[me.leolin:ShortcutBadger:1.1.22] AndroidManifest.xml:49:5-88
70-->[me.leolin:ShortcutBadger:1.1.22] AndroidManifest.xml:49:22-85
71    <uses-permission android:name="me.everything.badger.permission.BADGE_COUNT_WRITE" />
71-->[me.leolin:ShortcutBadger:1.1.22] AndroidManifest.xml:50:5-89
71-->[me.leolin:ShortcutBadger:1.1.22] AndroidManifest.xml:50:22-86
72
73    <application
74        android:name="android.app.Application"
75        android:appComponentFactory="androidx.core.app.CoreComponentFactory"
75-->[androidx.core:core:1.9.0] AndroidManifest.xml:28:18-86
76        android:debuggable="true"
77        android:extractNativeLibs="false"
78        android:icon="@mipmap/launcher_icon"
79        android:label="notifyme" >
80        <activity
81            android:name="com.example.notifyme.MainActivity"
82            android:configChanges="orientation|keyboardHidden|keyboard|screenSize|smallestScreenSize|locale|layoutDirection|fontScale|screenLayout|density|uiMode"
83            android:exported="true"
84            android:hardwareAccelerated="true"
85            android:launchMode="singleTop"
86            android:theme="@style/LaunchTheme"
87            android:windowSoftInputMode="adjustResize" >
88
89            <!--
90                 Specifies an Android theme to apply to this Activity as soon as
91                 the Android process has started. This theme is visible to the user
92                 while the Flutter UI initializes. After that, this theme continues
93                 to determine the Window background behind the Flutter UI.
94            -->
95            <meta-data
96                android:name="io.flutter.embedding.android.NormalTheme"
97                android:resource="@style/NormalTheme" />
98
99            <intent-filter>
100                <action android:name="android.intent.action.MAIN" />
100-->[com.squareup.leakcanary:leakcanary-android-core:2.9.1] AndroidManifest.xml:85:17-69
100-->[com.squareup.leakcanary:leakcanary-android-core:2.9.1] AndroidManifest.xml:85:25-66
101
102                <category android:name="android.intent.category.LAUNCHER" />
102-->[com.squareup.leakcanary:leakcanary-android-core:2.9.1] AndroidManifest.xml:87:17-77
102-->[com.squareup.leakcanary:leakcanary-android-core:2.9.1] AndroidManifest.xml:87:27-74
103            </intent-filter>
104        </activity>
105        <!--
106             Don't delete the meta-data below.
107             This is used by the Flutter tool to generate GeneratedPluginRegistrant.java
108        -->
109        <meta-data
110            android:name="flutterEmbedding"
111            android:value="2" />
112
113        <service
113-->[:cloud_firestore] AndroidManifest.xml:10:9-14:19
114            android:name="com.google.firebase.components.ComponentDiscoveryService"
114-->[:cloud_firestore] AndroidManifest.xml:10:18-89
115            android:directBootAware="true"
115-->[com.google.firebase:firebase-common:20.3.3] AndroidManifest.xml:34:13-43
116            android:exported="false" >
116-->[com.google.firebase:firebase-analytics-ktx:21.3.0] AndroidManifest.xml:10:13-37
117            <meta-data
117-->[:cloud_firestore] AndroidManifest.xml:11:13-13:85
118                android:name="com.google.firebase.components:io.flutter.plugins.firebase.firestore.FlutterFirebaseFirestoreRegistrar"
118-->[:cloud_firestore] AndroidManifest.xml:12:17-134
119                android:value="com.google.firebase.components.ComponentRegistrar" />
119-->[:cloud_firestore] AndroidManifest.xml:13:17-82
120            <meta-data
120-->[:firebase_messaging] AndroidManifest.xml:38:13-40:85
121                android:name="com.google.firebase.components:io.flutter.plugins.firebase.messaging.FlutterFirebaseAppRegistrar"
121-->[:firebase_messaging] AndroidManifest.xml:39:17-128
122                android:value="com.google.firebase.components.ComponentRegistrar" />
122-->[:firebase_messaging] AndroidManifest.xml:40:17-82
123            <meta-data
123-->[:firebase_core] AndroidManifest.xml:11:13-13:85
124                android:name="com.google.firebase.components:io.flutter.plugins.firebase.core.FlutterFirebaseCoreRegistrar"
124-->[:firebase_core] AndroidManifest.xml:12:17-124
125                android:value="com.google.firebase.components.ComponentRegistrar" />
125-->[:firebase_core] AndroidManifest.xml:13:17-82
126            <meta-data
126-->[com.google.firebase:firebase-analytics-ktx:21.3.0] AndroidManifest.xml:11:13-13:85
127                android:name="com.google.firebase.components:com.google.firebase.analytics.ktx.FirebaseAnalyticsKtxRegistrar"
127-->[com.google.firebase:firebase-analytics-ktx:21.3.0] AndroidManifest.xml:12:17-126
128                android:value="com.google.firebase.components.ComponentRegistrar" />
128-->[com.google.firebase:firebase-analytics-ktx:21.3.0] AndroidManifest.xml:13:17-82
129            <meta-data
129-->[com.google.firebase:firebase-firestore:24.7.0] AndroidManifest.xml:19:13-21:85
130                android:name="com.google.firebase.components:com.google.firebase.firestore.FirestoreRegistrar"
130-->[com.google.firebase:firebase-firestore:24.7.0] AndroidManifest.xml:20:17-111
131                android:value="com.google.firebase.components.ComponentRegistrar" />
131-->[com.google.firebase:firebase-firestore:24.7.0] AndroidManifest.xml:21:17-82
132            <meta-data
132-->[com.google.firebase:firebase-iid:21.1.0] AndroidManifest.xml:32:13-34:85
133                android:name="com.google.firebase.components:com.google.firebase.iid.Registrar"
133-->[com.google.firebase:firebase-iid:21.1.0] AndroidManifest.xml:33:17-96
134                android:value="com.google.firebase.components.ComponentRegistrar" />
134-->[com.google.firebase:firebase-iid:21.1.0] AndroidManifest.xml:34:17-82
135            <meta-data
135-->[com.google.firebase:firebase-messaging:23.2.0] AndroidManifest.xml:55:13-57:85
136                android:name="com.google.firebase.components:com.google.firebase.messaging.FirebaseMessagingRegistrar"
136-->[com.google.firebase:firebase-messaging:23.2.0] AndroidManifest.xml:56:17-119
137                android:value="com.google.firebase.components.ComponentRegistrar" />
137-->[com.google.firebase:firebase-messaging:23.2.0] AndroidManifest.xml:57:17-82
138            <meta-data
138-->[com.google.firebase:firebase-common-ktx:20.3.3] AndroidManifest.xml:14:13-16:85
139                android:name="com.google.firebase.components:com.google.firebase.ktx.FirebaseCommonKtxRegistrar"
139-->[com.google.firebase:firebase-common-ktx:20.3.3] AndroidManifest.xml:15:17-113
140                android:value="com.google.firebase.components.ComponentRegistrar" />
140-->[com.google.firebase:firebase-common-ktx:20.3.3] AndroidManifest.xml:16:17-82
141            <meta-data
141-->[com.google.android.gms:play-services-measurement-api:21.3.0] AndroidManifest.xml:31:13-33:85
142                android:name="com.google.firebase.components:com.google.firebase.analytics.connector.internal.AnalyticsConnectorRegistrar"
142-->[com.google.android.gms:play-services-measurement-api:21.3.0] AndroidManifest.xml:32:17-139
143                android:value="com.google.firebase.components.ComponentRegistrar" />
143-->[com.google.android.gms:play-services-measurement-api:21.3.0] AndroidManifest.xml:33:17-82
144            <meta-data
144-->[com.google.firebase:firebase-installations:17.1.3] AndroidManifest.xml:17:13-19:85
145                android:name="com.google.firebase.components:com.google.firebase.installations.FirebaseInstallationsRegistrar"
145-->[com.google.firebase:firebase-installations:17.1.3] AndroidManifest.xml:18:17-127
146                android:value="com.google.firebase.components.ComponentRegistrar" />
146-->[com.google.firebase:firebase-installations:17.1.3] AndroidManifest.xml:19:17-82
147            <meta-data
147-->[com.google.firebase:firebase-datatransport:18.1.7] AndroidManifest.xml:27:13-29:85
148                android:name="com.google.firebase.components:com.google.firebase.datatransport.TransportRegistrar"
148-->[com.google.firebase:firebase-datatransport:18.1.7] AndroidManifest.xml:28:17-115
149                android:value="com.google.firebase.components.ComponentRegistrar" />
149-->[com.google.firebase:firebase-datatransport:18.1.7] AndroidManifest.xml:29:17-82
150        </service>
151        <service
151-->[:firebase_messaging] AndroidManifest.xml:16:9-19:72
152            android:name="io.flutter.plugins.firebase.messaging.FlutterFirebaseMessagingBackgroundService"
152-->[:firebase_messaging] AndroidManifest.xml:17:13-107
153            android:exported="false"
153-->[:firebase_messaging] AndroidManifest.xml:18:13-37
154            android:permission="android.permission.BIND_JOB_SERVICE" />
154-->[:firebase_messaging] AndroidManifest.xml:19:13-69
155        <service
155-->[:firebase_messaging] AndroidManifest.xml:20:9-26:19
156            android:name="io.flutter.plugins.firebase.messaging.FlutterFirebaseMessagingService"
156-->[:firebase_messaging] AndroidManifest.xml:21:13-97
157            android:exported="false" >
157-->[:firebase_messaging] AndroidManifest.xml:22:13-37
158            <intent-filter>
158-->[:firebase_messaging] AndroidManifest.xml:23:13-25:29
159                <action android:name="com.google.firebase.MESSAGING_EVENT" />
159-->[:firebase_messaging] AndroidManifest.xml:24:17-78
159-->[:firebase_messaging] AndroidManifest.xml:24:25-75
160            </intent-filter>
161        </service>
162
163        <receiver
163-->[:firebase_messaging] AndroidManifest.xml:28:9-35:20
164            android:name="io.flutter.plugins.firebase.messaging.FlutterFirebaseMessagingReceiver"
164-->[:firebase_messaging] AndroidManifest.xml:29:13-98
165            android:exported="true"
165-->[:firebase_messaging] AndroidManifest.xml:30:13-36
166            android:permission="com.google.android.c2dm.permission.SEND" >
166-->[:firebase_messaging] AndroidManifest.xml:31:13-73
167            <intent-filter>
167-->[:firebase_messaging] AndroidManifest.xml:32:13-34:29
168                <action android:name="com.google.android.c2dm.intent.RECEIVE" />
168-->[:firebase_messaging] AndroidManifest.xml:33:17-81
168-->[:firebase_messaging] AndroidManifest.xml:33:25-78
169            </intent-filter>
170        </receiver>
171
172        <provider
172-->[:firebase_messaging] AndroidManifest.xml:43:9-47:38
173            android:name="io.flutter.plugins.firebase.messaging.FlutterFirebaseMessagingInitProvider"
173-->[:firebase_messaging] AndroidManifest.xml:44:13-102
174            android:authorities="com.example.notifyme.flutterfirebasemessaginginitprovider"
174-->[:firebase_messaging] AndroidManifest.xml:45:13-88
175            android:exported="false"
175-->[:firebase_messaging] AndroidManifest.xml:46:13-37
176            android:initOrder="99" />
176-->[:firebase_messaging] AndroidManifest.xml:47:13-35
177
178        <service
178-->[:geolocator_android] AndroidManifest.xml:12:9-16:56
179            android:name="com.baseflow.geolocator.GeolocatorLocationService"
179-->[:geolocator_android] AndroidManifest.xml:13:13-77
180            android:enabled="true"
180-->[:geolocator_android] AndroidManifest.xml:14:13-35
181            android:exported="false"
181-->[:geolocator_android] AndroidManifest.xml:15:13-37
182            android:foregroundServiceType="location" />
182-->[:geolocator_android] AndroidManifest.xml:16:13-53
183
184        <receiver
184-->[:awesome_notifications] AndroidManifest.xml:15:9-17:39
185            android:name="me.carda.awesome_notifications.DartNotificationActionReceiver"
185-->[:awesome_notifications] AndroidManifest.xml:16:13-89
186            android:exported="true" />
186-->[:awesome_notifications] AndroidManifest.xml:17:13-36
187        <receiver
187-->[:awesome_notifications] AndroidManifest.xml:18:9-20:39
188            android:name="me.carda.awesome_notifications.DartDismissedNotificationReceiver"
188-->[:awesome_notifications] AndroidManifest.xml:19:13-92
189            android:exported="true" />
189-->[:awesome_notifications] AndroidManifest.xml:20:13-36
190        <receiver
190-->[:awesome_notifications] AndroidManifest.xml:21:9-23:39
191            android:name="me.carda.awesome_notifications.DartScheduledNotificationReceiver"
191-->[:awesome_notifications] AndroidManifest.xml:22:13-92
192            android:exported="true" />
192-->[:awesome_notifications] AndroidManifest.xml:23:13-36
193        <receiver
193-->[:awesome_notifications] AndroidManifest.xml:24:9-38:20
194            android:name="me.carda.awesome_notifications.DartRefreshSchedulesReceiver"
194-->[:awesome_notifications] AndroidManifest.xml:25:13-87
195            android:enabled="true"
195-->[:awesome_notifications] AndroidManifest.xml:26:13-35
196            android:exported="true" >
196-->[:awesome_notifications] AndroidManifest.xml:27:13-36
197            <intent-filter>
197-->[:awesome_notifications] AndroidManifest.xml:28:13-37:29
198                <category android:name="android.intent.category.DEFAULT" />
198-->[:awesome_notifications] AndroidManifest.xml:29:17-76
198-->[:awesome_notifications] AndroidManifest.xml:29:27-73
199
200                <action android:name="android.intent.action.BOOT_COMPLETED" />
200-->[:awesome_notifications] AndroidManifest.xml:31:17-79
200-->[:awesome_notifications] AndroidManifest.xml:31:25-76
201                <action android:name="android.intent.action.LOCKED_BOOT_COMPLETED" />
201-->[:awesome_notifications] AndroidManifest.xml:32:17-86
201-->[:awesome_notifications] AndroidManifest.xml:32:25-83
202                <action android:name="android.intent.action.MY_PACKAGE_REPLACED" />
202-->[:awesome_notifications] AndroidManifest.xml:33:17-84
202-->[:awesome_notifications] AndroidManifest.xml:33:25-81
203                <action android:name="android.intent.action.QUICKBOOT_POWERON" />
203-->[:awesome_notifications] AndroidManifest.xml:34:17-82
203-->[:awesome_notifications] AndroidManifest.xml:34:25-79
204                <action android:name="com.htc.intent.action.QUICKBOOT_POWERON" />
204-->[:awesome_notifications] AndroidManifest.xml:35:17-82
204-->[:awesome_notifications] AndroidManifest.xml:35:25-79
205                <action android:name="android.app.action.SCHEDULE_EXACT_ALARM_PERMISSION_STATE_CHANGED" />
205-->[:awesome_notifications] AndroidManifest.xml:36:17-107
205-->[:awesome_notifications] AndroidManifest.xml:36:25-104
206            </intent-filter>
207        </receiver>
208
209        <service
209-->[:awesome_notifications] AndroidManifest.xml:40:9-43:72
210            android:name="me.carda.awesome_notifications.DartBackgroundService"
210-->[:awesome_notifications] AndroidManifest.xml:41:13-80
211            android:exported="false"
211-->[:awesome_notifications] AndroidManifest.xml:42:13-37
212            android:permission="android.permission.BIND_JOB_SERVICE" />
212-->[:awesome_notifications] AndroidManifest.xml:43:13-69
213        <service
213-->[:awesome_notifications] AndroidManifest.xml:44:9-49:43
214            android:name="me.carda.awesome_notifications.core.services.ForegroundService"
214-->[:awesome_notifications] AndroidManifest.xml:45:13-90
215            android:enabled="true"
215-->[:awesome_notifications] AndroidManifest.xml:46:13-35
216            android:exported="false"
216-->[:awesome_notifications] AndroidManifest.xml:47:13-37
217            android:foregroundServiceType="phoneCall"
217-->[:awesome_notifications] AndroidManifest.xml:48:13-54
218            android:stopWithTask="true" />
218-->[:awesome_notifications] AndroidManifest.xml:49:13-40
219
220        <activity
220-->[:url_launcher_android] AndroidManifest.xml:10:9-13:74
221            android:name="io.flutter.plugins.urllauncher.WebViewActivity"
221-->[:url_launcher_android] AndroidManifest.xml:11:13-74
222            android:exported="false"
222-->[:url_launcher_android] AndroidManifest.xml:12:13-37
223            android:theme="@android:style/Theme.NoTitleBar.Fullscreen" />
223-->[:url_launcher_android] AndroidManifest.xml:13:13-71
224        <activity android:name="com.eopeter.fluttermapboxnavigation.activity.NavigationActivity" />
224-->[:flutter_mapbox_navigation] AndroidManifest.xml:14:9-100
224-->[:flutter_mapbox_navigation] AndroidManifest.xml:14:19-97
225
226        <service
226-->[me.carda:AndroidAwnCore:0.7.5-dev.3] AndroidManifest.xml:21:9-28:19
227            android:name="me.carda.awesome_notifications.core.managers.StatusBarManager"
227-->[me.carda:AndroidAwnCore:0.7.5-dev.3] AndroidManifest.xml:22:13-89
228            android:exported="true"
228-->[me.carda:AndroidAwnCore:0.7.5-dev.3] AndroidManifest.xml:23:13-36
229            android:label="My Notification Listener Service" >
229-->[me.carda:AndroidAwnCore:0.7.5-dev.3] AndroidManifest.xml:24:13-61
230            <intent-filter>
230-->[me.carda:AndroidAwnCore:0.7.5-dev.3] AndroidManifest.xml:25:13-27:29
231                <action android:name="android.service.notification.NotificationListenerService" />
231-->[me.carda:AndroidAwnCore:0.7.5-dev.3] AndroidManifest.xml:26:17-99
231-->[me.carda:AndroidAwnCore:0.7.5-dev.3] AndroidManifest.xml:26:25-96
232            </intent-filter>
233        </service>
234
235        <receiver
235-->[com.google.firebase:firebase-messaging:23.2.0] AndroidManifest.xml:31:9-38:20
236            android:name="com.google.firebase.iid.FirebaseInstanceIdReceiver"
236-->[com.google.firebase:firebase-messaging:23.2.0] AndroidManifest.xml:32:13-78
237            android:exported="true"
237-->[com.google.firebase:firebase-messaging:23.2.0] AndroidManifest.xml:33:13-36
238            android:permission="com.google.android.c2dm.permission.SEND" >
238-->[com.google.firebase:firebase-messaging:23.2.0] AndroidManifest.xml:34:13-73
239            <intent-filter>
239-->[:firebase_messaging] AndroidManifest.xml:32:13-34:29
240                <action android:name="com.google.android.c2dm.intent.RECEIVE" />
240-->[:firebase_messaging] AndroidManifest.xml:33:17-81
240-->[:firebase_messaging] AndroidManifest.xml:33:25-78
241            </intent-filter>
242        </receiver>
243        <!--
244             FirebaseMessagingService performs security checks at runtime,
245             but set to not exported to explicitly avoid allowing another app to call it.
246        -->
247        <service
247-->[com.google.firebase:firebase-messaging:23.2.0] AndroidManifest.xml:44:9-51:19
248            android:name="com.google.firebase.messaging.FirebaseMessagingService"
248-->[com.google.firebase:firebase-messaging:23.2.0] AndroidManifest.xml:45:13-82
249            android:directBootAware="true"
249-->[com.google.firebase:firebase-messaging:23.2.0] AndroidManifest.xml:46:13-43
250            android:exported="false" >
250-->[com.google.firebase:firebase-messaging:23.2.0] AndroidManifest.xml:47:13-37
251            <intent-filter android:priority="-500" >
251-->[:firebase_messaging] AndroidManifest.xml:23:13-25:29
252                <action android:name="com.google.firebase.MESSAGING_EVENT" />
252-->[:firebase_messaging] AndroidManifest.xml:24:17-78
252-->[:firebase_messaging] AndroidManifest.xml:24:25-75
253            </intent-filter>
254        </service>
255
256        <provider
256-->[com.google.firebase:firebase-common:20.3.3] AndroidManifest.xml:25:9-30:39
257            android:name="com.google.firebase.provider.FirebaseInitProvider"
257-->[com.google.firebase:firebase-common:20.3.3] AndroidManifest.xml:26:13-77
258            android:authorities="com.example.notifyme.firebaseinitprovider"
258-->[com.google.firebase:firebase-common:20.3.3] AndroidManifest.xml:27:13-72
259            android:directBootAware="true"
259-->[com.google.firebase:firebase-common:20.3.3] AndroidManifest.xml:28:13-43
260            android:exported="false"
260-->[com.google.firebase:firebase-common:20.3.3] AndroidManifest.xml:29:13-37
261            android:initOrder="100" />
261-->[com.google.firebase:firebase-common:20.3.3] AndroidManifest.xml:30:13-36
262
263        <activity
263-->[com.google.android.gms:play-services-base:18.1.0] AndroidManifest.xml:20:9-22:45